0 info it worked if it ends with ok
1 verbose cli [ '/usr/bin/nodejs', '/usr/bin/npm', 'install', 'bower' ]
2 info using npm@3.8.6
3 info using node@v5.12.0
4 verbose config Skipping project config: /home/sony/.npmrc. (matches userconfig)
5 silly loadCurrentTree Starting
6 silly install loadCurrentTree
7 silly install readLocalPackageData
8 silly fetchPackageMetaData bower
9 silly fetchNamedPackageData bower
10 silly mapToRegistry name bower
11 silly mapToRegistry using default registry
12 silly mapToRegistry registry https://registry.npmjs.org/
13 silly mapToRegistry data Result {
13 silly mapToRegistry   raw: 'bower',
13 silly mapToRegistry   scope: null,
13 silly mapToRegistry   name: 'bower',
13 silly mapToRegistry   rawSpec: '',
13 silly mapToRegistry   spec: 'latest',
13 silly mapToRegistry   type: 'tag' }
14 silly mapToRegistry uri https://registry.npmjs.org/bower
15 verbose request uri https://registry.npmjs.org/bower
16 verbose request no auth needed
17 info attempt registry request try #1 at 11:18:45 PM
18 verbose request id b47646ab0b768f33
19 verbose etag W/"58c6f6a3-2af23"
20 verbose lastModified Mon, 13 Mar 2017 19:44:35 GMT
21 http request GET https://registry.npmjs.org/bower
22 http 200 https://registry.npmjs.org/bower
23 verbose headers { server: 'nginx/1.10.1',
23 verbose headers   'content-type': 'application/json',
23 verbose headers   'last-modified': 'Sat, 01 Apr 2017 08:53:55 GMT',
23 verbose headers   etag: 'W/"58df6aa3-2af90"',
23 verbose headers   'content-encoding': 'gzip',
23 verbose headers   'cache-control': 'max-age=300',
23 verbose headers   'content-length': '16679',
23 verbose headers   'accept-ranges': 'bytes',
23 verbose headers   date: 'Mon, 03 Apr 2017 16:18:46 GMT',
23 verbose headers   via: '1.1 varnish',
23 verbose headers   age: '55',
23 verbose headers   connection: 'keep-alive',
23 verbose headers   'x-served-by': 'cache-nrt6130-NRT',
23 verbose headers   'x-cache': 'HIT',
23 verbose headers   'x-cache-hits': '1',
23 verbose headers   'x-timer': 'S1491236326.455265,VS0,VE0',
23 verbose headers   vary: 'Accept-Encoding' }
24 silly get cb [ 200,
24 silly get   { server: 'nginx/1.10.1',
24 silly get     'content-type': 'application/json',
24 silly get     'last-modified': 'Sat, 01 Apr 2017 08:53:55 GMT',
24 silly get     etag: 'W/"58df6aa3-2af90"',
24 silly get     'content-encoding': 'gzip',
24 silly get     'cache-control': 'max-age=300',
24 silly get     'content-length': '16679',
24 silly get     'accept-ranges': 'bytes',
24 silly get     date: 'Mon, 03 Apr 2017 16:18:46 GMT',
24 silly get     via: '1.1 varnish',
24 silly get     age: '55',
24 silly get     connection: 'keep-alive',
24 silly get     'x-served-by': 'cache-nrt6130-NRT',
24 silly get     'x-cache': 'HIT',
24 silly get     'x-cache-hits': '1',
24 silly get     'x-timer': 'S1491236326.455265,VS0,VE0',
24 silly get     vary: 'Accept-Encoding' } ]
25 verbose get saving bower to /home/sony/.npm/registry.npmjs.org/bower/.cache.json
26 verbose correctMkdir /home/sony/.npm correctMkdir not in flight; initializing
27 silly install normalizeTree
28 silly loadCurrentTree Finishing
29 silly loadIdealTree Starting
30 silly install loadIdealTree
31 silly cloneCurrentTree Starting
32 silly install cloneCurrentTreeToIdealTree
33 silly cloneCurrentTree Finishing
34 silly loadShrinkwrap Starting
35 silly install loadShrinkwrap
36 silly loadShrinkwrap Finishing
37 silly loadAllDepsIntoIdealTree Starting
38 silly install loadAllDepsIntoIdealTree
39 silly resolveWithNewModule bower@1.8.0 checking installable status
40 silly cache add args [ 'bower', null ]
41 verbose cache add spec bower
42 silly cache add parsed spec Result {
42 silly cache add   raw: 'bower',
42 silly cache add   scope: null,
42 silly cache add   name: 'bower',
42 silly cache add   rawSpec: '',
42 silly cache add   spec: 'latest',
42 silly cache add   type: 'tag' }
43 silly addNamed bower@latest
44 verbose addNamed "latest" is being treated as a dist-tag for bower
45 info addNameTag [ 'bower', 'latest' ]
46 silly mapToRegistry name bower
47 silly mapToRegistry using default registry
48 silly mapToRegistry registry https://registry.npmjs.org/
49 silly mapToRegistry data Result {
49 silly mapToRegistry   raw: 'bower',
49 silly mapToRegistry   scope: null,
49 silly mapToRegistry   name: 'bower',
49 silly mapToRegistry   rawSpec: '',
49 silly mapToRegistry   spec: 'latest',
49 silly mapToRegistry   type: 'tag' }
50 silly mapToRegistry uri https://registry.npmjs.org/bower
51 verbose addNameTag registry:https://registry.npmjs.org/bower not in flight; fetching
52 verbose get https://registry.npmjs.org/bower not expired, no request
53 silly addNameTag next cb for bower with tag latest
54 silly addNamed bower@1.8.0
55 verbose addNamed "1.8.0" is a plain semver version for bower
56 silly cache afterAdd bower@1.8.0
57 verbose afterAdd /home/sony/.npm/bower/1.8.0/package/package.json not in flight; writing
58 verbose correctMkdir /home/sony/.npm correctMkdir not in flight; initializing
59 verbose afterAdd /home/sony/.npm/bower/1.8.0/package/package.json written
60 silly loadAllDepsIntoIdealTree Finishing
61 silly idealTree:prePrune sony
61 silly idealTree:prePrune ├── bootstrap-year-calendar@1.1.1
61 silly idealTree:prePrune ├── bootstrap@3.3.7
61 silly idealTree:prePrune ├── bower@1.8.0
61 silly idealTree:prePrune └── jquery@3.2.1
62 silly loadIdealTree Finishing
63 silly currentTree sony
63 silly currentTree ├── bootstrap-year-calendar@1.1.1
63 silly currentTree ├── bootstrap@3.3.7
63 silly currentTree ├── bower@1.8.0
63 silly currentTree └── jquery@3.2.1
64 silly idealTree sony
64 silly idealTree ├── bootstrap-year-calendar@1.1.1
64 silly idealTree ├── bootstrap@3.3.7
64 silly idealTree ├── bower@1.8.0
64 silly idealTree └── jquery@3.2.1
65 silly generateActionsToTake Starting
66 silly install generateActionsToTake
67 warn checkPermissions Missing write access to /home/sony/node_modules
68 silly rollbackFailedOptional Starting
69 silly rollbackFailedOptional Finishing
70 silly runTopLevelLifecycles Starting
71 silly runTopLevelLifecycles Finishing
72 silly install printInstalled
73 warn enoent ENOENT: no such file or directory, open '/home/sony/package.json'
74 warn sony No description
75 warn sony No repository field.
76 warn sony No README data
77 warn sony No license field.
78 verbose stack Error: EACCES: permission denied, access '/home/sony/node_modules'
78 verbose stack     at Error (native)
79 verbose cwd /home/sony/Documents/DoAn/fportfolio
80 error Linux 4.2.0-42-generic
81 error argv "/usr/bin/nodejs" "/usr/bin/npm" "install" "bower"
82 error node v5.12.0
83 error npm  v3.8.6
84 error path /home/sony/node_modules
85 error code EACCES
86 error errno -13
87 error syscall access
88 error Error: EACCES: permission denied, access '/home/sony/node_modules'
88 error     at Error (native)
88 error  { [Error: EACCES: permission denied, access '/home/sony/node_modules']
88 error   errno: -13,
88 error   code: 'EACCES',
88 error   syscall: 'access',
88 error   path: '/home/sony/node_modules' }
89 error Please try running this command again as root/Administrator.
90 verbose exit [ -13, true ]
